<html>
<body>
<pre>
<h1>Vision Build Log</h1>
<h2>Project:</h2>
C:\Users\EmbeddedKing\Desktop\智能仓储\华清_RFID模块资料\FS_RC522 RFID模块相关资料\实验代码\project\RFID.uvproj
Project File Date:  04/20/2012

<h2>Output:</h2>
Build target 'UART'
assembling startup_LPC11xx.s...
compiling core_cm0.c...
compiling system_LPC11xx.c...
compiling uart.c...
compiling retarget.c...
compiling gpio.c...
compiling ssp.c...
compiling main.c...
compiling RC522.c...
..\src\RC522.c(9): error: A1106E: Missing comma
Target not created
Build target 'UART'
compiling RC522.c...
linking...
Program Size: Code=7228 RO-data=224 RW-data=120 ZI-data=688  
FromELF: creating hex file...
".\Obj\LPC1111_RFID.axf" - 0 Error(s), 0 Warning(s).
Build target 'UART'
compiling main.c...
linking...
Program Size: Code=7232 RO-data=224 RW-data=120 ZI-data=688  
FromELF: creating hex file...
".\Obj\LPC1111_RFID.axf" - 0 Error(s), 0 Warning(s).
Build target 'UART'
compiling main.c...
linking...
Program Size: Code=7344 RO-data=224 RW-data=120 ZI-data=688  
FromELF: creating hex file...
".\Obj\LPC1111_RFID.axf" - 0 Error(s), 0 Warning(s).
Build target 'UART'
compiling main.c...
..\src\main.c(215): warning:  #111-D: statement is unreachable
..\src\main.c(220): error:  #115: a continue statement may only be used within a loop
..\src\main.c(228): error:  #115: a continue statement may only be used within a loop
..\src\main.c(238): error:  #169: expected a declaration
..\src\main.c(240): warning: At end of source:  #12-D: parsing restarts here after previous syntax error
Target not created
Build target 'UART'
compiling main.c...
..\src\main.c(215): warning:  #111-D: statement is unreachable
..\src\main.c(220): error:  #115: a continue statement may only be used within a loop
..\src\main.c(228): error:  #115: a continue statement may only be used within a loop
Target not created
Build target 'UART'
compiling main.c...
linking...
Program Size: Code=7556 RO-data=224 RW-data=120 ZI-data=688  
FromELF: creating hex file...
".\Obj\LPC1111_RFID.axf" - 0 Error(s), 0 Warning(s).
